-------------------------------------------------------------------------------
Test set: com.portafolioross.ryanez.RyanezApplicationTests
-------------------------------------------------------------------------------
Tests run: 1, Failures: 0, Errors: 1, Skipped: 0, Time elapsed: 15.951 s <<< FAILURE! - in com.portafolioross.ryanez.RyanezApplicationTests
contextLoads  Time elapsed: 0.011 s  <<< ERROR!
java.lang.IllegalStateException: Failed to load ApplicationContext for [WebMergedContextConfiguration@257d3968 testClass = com.portafolioross.ryanez.RyanezApplicationTests, locations = [], classes = [com.portafolioross.ryanez.RyanezApplication], contextInitializerClasses = [], activeProfiles = [], propertySourceLocations = [], propertySourceProperties = ["org.springframework.boot.test.context.SpringBootTestContextBootstrapper=true"], contextCustomizers = [org.springframework.boot.test.context.filter.ExcludeFilterContextCustomizer@942a29c, org.springframework.boot.test.json.DuplicateJsonObjectContextCustomizerFactory$DuplicateJsonObjectContextCustomizer@60bd273d, org.springframework.boot.test.mock.mockito.MockitoContextCustomizer@0, org.springframework.boot.test.web.client.TestRestTemplateContextCustomizer@38cee291, org.springframework.boot.test.autoconfigure.actuate.observability.ObservabilityContextCustomizerFactory$DisableObservabilityContextCustomizer@9da1, org.springframework.boot.test.autoconfigure.properties.PropertyMappingContextCustomizer@0, org.springframework.boot.test.autoconfigure.web.servlet.WebDriverContextCustomizerFactory$Customizer@6e6f2380, org.springframework.boot.test.context.SpringBootTestAnnotation@e53157c0], resourceBasePath = "src/main/webapp", contextLoader = org.springframework.boot.test.context.SpringBootContextLoader, parent = null]
Caused by: org.springframework.beans.factory.UnsatisfiedDependencyException: Error creating bean with name 'networkController': Unsatisfied dependency expressed through field 'impNetService': Error creating bean with name 'impNetService': Unsatisfied dependency expressed through field 'iNetRepository': Error creating bean with name 'INetRepository' defined in com.portafolioross.ryanez.Repository.INetRepository defined in @EnableJpaRepositories declared on JpaRepositoriesRegistrar.EnableJpaRepositoriesConfiguration: Could not create query for public abstract boolean com.portafolioross.ryanez.Repository.INetRepository.existsByCuenta_red(java.lang.String); Reason: Failed to create query for method public abstract boolean com.portafolioross.ryanez.Repository.INetRepository.existsByCuenta_red(java.lang.String); No property 'cuenta' found for type 'Network'
Caused by: org.springframework.beans.factory.UnsatisfiedDependencyException: Error creating bean with name 'impNetService': Unsatisfied dependency expressed through field 'iNetRepository': Error creating bean with name 'INetRepository' defined in com.portafolioross.ryanez.Repository.INetRepository defined in @EnableJpaRepositories declared on JpaRepositoriesRegistrar.EnableJpaRepositoriesConfiguration: Could not create query for public abstract boolean com.portafolioross.ryanez.Repository.INetRepository.existsByCuenta_red(java.lang.String); Reason: Failed to create query for method public abstract boolean com.portafolioross.ryanez.Repository.INetRepository.existsByCuenta_red(java.lang.String); No property 'cuenta' found for type 'Network'
Caused by: org.springframework.beans.factory.BeanCreationException: Error creating bean with name 'INetRepository' defined in com.portafolioross.ryanez.Repository.INetRepository defined in @EnableJpaRepositories declared on JpaRepositoriesRegistrar.EnableJpaRepositoriesConfiguration: Could not create query for public abstract boolean com.portafolioross.ryanez.Repository.INetRepository.existsByCuenta_red(java.lang.String); Reason: Failed to create query for method public abstract boolean com.portafolioross.ryanez.Repository.INetRepository.existsByCuenta_red(java.lang.String); No property 'cuenta' found for type 'Network'
Caused by: org.springframework.data.repository.query.QueryCreationException: Could not create query for public abstract boolean com.portafolioross.ryanez.Repository.INetRepository.existsByCuenta_red(java.lang.String); Reason: Failed to create query for method public abstract boolean com.portafolioross.ryanez.Repository.INetRepository.existsByCuenta_red(java.lang.String); No property 'cuenta' found for type 'Network'
Caused by: java.lang.IllegalArgumentException: Failed to create query for method public abstract boolean com.portafolioross.ryanez.Repository.INetRepository.existsByCuenta_red(java.lang.String); No property 'cuenta' found for type 'Network'
Caused by: org.springframework.data.mapping.PropertyReferenceException: No property 'cuenta' found for type 'Network'

